<?xml version="1.0" encoding="UTF-8"?>
<!-- Generated by org.testng.reporters.JUnitXMLReporter -->
<testsuite hostname="LAPTOP-0VDS8URQ" failures="0" tests="3" name="Test" time="25.031" errors="0" timestamp="11 Jun 2021 19:59:01 GMT">
  <testcase classname="tests.Rediff_ShoppingTest" name="Rediff_loginPageValidation" time="5.824"/>
  <testcase classname="tests.Rediff_ShoppingTest" name="rediffShoppingPage_validations" time="2.021"/>
  <testcase classname="tests.Rediff_ShoppingTest" name="rediffShoppingPage_Method" time="12.714"/>
</testsuite> <!-- Test -->
