<?xml version="1.0" encoding="UTF-8"?>
<!-- Generated by org.testng.reporters.JUnitXMLReporter -->
<testsuite hostname="LAPTOP-0VDS8URQ" failures="0" tests="3" name="Test1" time="66.433" errors="0" timestamp="27 Mar 2022 06:22:46 GMT">
  <testcase classname="tests.Rediff_ShoppingTest" name="Rediff_loginPageValidation" time="43.56"/>
  <testcase classname="tests.Rediff_ShoppingTest" name="rediffShoppingPage_validations" time="1.377"/>
  <testcase classname="tests.Rediff_ShoppingTest" name="rediffShoppingPage_Method" time="14.012"/>
</testsuite> <!-- Test1 -->
