<?xml version="1.0" encoding="UTF-8"?>
<!-- Generated by org.testng.reporters.JUnitXMLReporter -->
<testsuite ignored="0" hostname="LAPTOP-0VDS8URQ" failures="0" tests="2" name="Test" time="0.444" errors="0" timestamp="06 Jun 2021 15:45:25 GMT">
  <testcase classname="tests.loginRediffTest" name="@BeforeTest setUp" time="0.006">
    <failure type="java.io.FileNotFoundException" message="C:\Users\amite\eclipse-workspace\ProjectUdemy1\src\main\java\resources\data.properties (The system cannot find the path specified)">
      <![CDATA[java.io.FileNotFoundException: C:\Users\amite\eclipse-workspace\ProjectUdemy1\src\main\java\resources\data.properties (The system cannot find the path specified)
at java.base/java.io.FileInputStream.open0(Native Method)
at java.base/java.io.FileInputStream.open(FileInputStream.java:211)
at java.base/java.io.FileInputStream.<init>(FileInputStream.java:153)
at java.base/java.io.FileInputStream.<init>(FileInputStream.java:108)
at resource.base.initializeDriver(base.java:30)
at tests.loginRediffTest.setUp(loginRediffTest.java:34)
... Removed 24 stack frames]]>
    </failure>
  </testcase> <!-- @BeforeTest setUp -->
  <testcase classname="tests.signInShoppingTest" name="@BeforeTest setUp" time="0.0">
    <skipped/>
  </testcase> <!-- @BeforeTest setUp -->
  <testcase classname="tests.loginRediffTest" name="@AfterTest tearDown" time="0.0">
    <skipped/>
  </testcase> <!-- @AfterTest tearDown -->
  <testcase classname="tests.signInShoppingTest" name="@AfterTest tearDown" time="0.0">
    <skipped/>
  </testcase> <!-- @AfterTest tearDown -->
  <testcase classname="tests.loginRediffTest" name="rediffmethod1" time="0.0">
    <skipped/>
  </testcase> <!-- rediffmethod1 -->
  <testcase classname="tests.signInShoppingTest" name="rediffmethod2" time="0.0">
    <skipped/>
  </testcase> <!-- rediffmethod2 -->
</testsuite> <!-- Test -->
